[0.082s] DEBUG:colcon:Command line arguments: ['/usr/bin/colcon', 'build']
[0.082s] DEBUG:colcon:Parsed command line arguments: Namespace(log_base=None, log_level=None, verb_name='build', build_base='build', install_base='install', merge_install=False, symlink_install=False, test_result_base=None, continue_on_error=False, executor='parallel', parallel_workers=20, event_handlers=None, ignore_user_meta=False, metas=['./colcon.meta'], base_paths=['.'], packages_ignore=None, packages_ignore_regex=None, paths=None, packages_up_to=None, packages_up_to_regex=None, packages_above=None, packages_above_and_dependencies=None, packages_above_depth=None, packages_select_by_dep=None, packages_skip_by_dep=None, packages_skip_up_to=None, packages_select_build_failed=False, packages_skip_build_finished=False, packages_select_test_failures=False, packages_skip_test_passed=False, packages_select=None, packages_skip=None, packages_select_regex=None, packages_skip_regex=None, packages_start=None, packages_end=None, allow_overriding=[], cmake_args=None, cmake_target=None, cmake_target_skip_unavailable=False, cmake_clean_cache=False, cmake_clean_first=False, cmake_force_configure=False, ament_cmake_args=None, catkin_cmake_args=None, catkin_skip_building_tests=False, verb_parser=<colcon_defaults.argument_parser.defaults.DefaultArgumentsDecorator object at 0x7ae56f41d750>, verb_extension=<colcon_core.verb.build.BuildVerb object at 0x7ae56f562c20>, main=<bound method BuildVerb.main of <colcon_core.verb.build.BuildVerb object at 0x7ae56f562c20>>)
[0.240s] Level 1:colcon.colcon_core.package_discovery:discover_packages(colcon_meta) check parameters
[0.240s] Level 1:colcon.colcon_core.package_discovery:discover_packages(recursive) check parameters
[0.240s] Level 1:colcon.colcon_core.package_discovery:discover_packages(ignore) check parameters
[0.240s] Level 1:colcon.colcon_core.package_discovery:discover_packages(path) check parameters
[0.240s] Level 1:colcon.colcon_core.package_discovery:discover_packages(colcon_meta) discover
[0.240s] Level 1:colcon.colcon_core.package_discovery:discover_packages(recursive) discover
[0.240s] INFO:colcon.colcon_core.package_discovery:Crawling recursively for packages in '/home/marlon/LAB/src'
[0.240s] Level 1:colcon.colcon_core.package_identification:_identify(.) by extensions ['ignore', 'ignore_ament_install']
[0.240s] Level 1:colcon.colcon_core.package_identification:_identify(.) by extension 'ignore'
[0.240s] Level 1:colcon.colcon_core.package_identification:_identify(.) by extension 'ignore_ament_install'
[0.240s] Level 1:colcon.colcon_core.package_identification:_identify(.) by extensions ['colcon_pkg']
[0.240s] Level 1:colcon.colcon_core.package_identification:_identify(.) by extension 'colcon_pkg'
[0.241s] Level 1:colcon.colcon_core.package_identification:_identify(.) by extensions ['colcon_meta']
[0.241s] Level 1:colcon.colcon_core.package_identification:_identify(.) by extension 'colcon_meta'
[0.241s] Level 1:colcon.colcon_core.package_identification:_identify(.) by extensions ['ros']
[0.241s] Level 1:colcon.colcon_core.package_identification:_identify(.) by extension 'ros'
[0.248s] Level 1:colcon.colcon_core.package_identification:_identify(.) by extensions ['cmake', 'python']
[0.248s] Level 1:colcon.colcon_core.package_identification:_identify(.) by extension 'cmake'
[0.248s] Level 1:colcon.colcon_core.package_identification:_identify(.) by extension 'python'
[0.248s] Level 1:colcon.colcon_core.package_identification:_identify(.) by extensions ['python_setup_py']
[0.248s] Level 1:colcon.colcon_core.package_identification:_identify(.) by extension 'python_setup_py'
[0.248s] Level 1:colcon.colcon_core.package_identification:_identify(Universal_Robots_ROS2_Description) by extensions ['ignore', 'ignore_ament_install']
[0.248s] Level 1:colcon.colcon_core.package_identification:_identify(Universal_Robots_ROS2_Description) by extension 'ignore'
[0.248s] Level 1:colcon.colcon_core.package_identification:_identify(Universal_Robots_ROS2_Description) by extension 'ignore_ament_install'
[0.248s] Level 1:colcon.colcon_core.package_identification:_identify(Universal_Robots_ROS2_Description) by extensions ['colcon_pkg']
[0.248s] Level 1:colcon.colcon_core.package_identification:_identify(Universal_Robots_ROS2_Description) by extension 'colcon_pkg'
[0.248s] Level 1:colcon.colcon_core.package_identification:_identify(Universal_Robots_ROS2_Description) by extensions ['colcon_meta']
[0.248s] Level 1:colcon.colcon_core.package_identification:_identify(Universal_Robots_ROS2_Description) by extension 'colcon_meta'
[0.248s] Level 1:colcon.colcon_core.package_identification:_identify(Universal_Robots_ROS2_Description) by extensions ['ros']
[0.248s] Level 1:colcon.colcon_core.package_identification:_identify(Universal_Robots_ROS2_Description) by extension 'ros'
[0.251s] DEBUG:colcon.colcon_core.package_identification:Package 'Universal_Robots_ROS2_Description' with type 'ros.ament_cmake' and name 'ur_description'
[0.251s] Level 1:colcon.colcon_core.package_identification:_identify(Universal_Robots_ROS2_Gazebo_Simulation) by extensions ['ignore', 'ignore_ament_install']
[0.251s] Level 1:colcon.colcon_core.package_identification:_identify(Universal_Robots_ROS2_Gazebo_Simulation) by extension 'ignore'
[0.251s] Level 1:colcon.colcon_core.package_identification:_identify(Universal_Robots_ROS2_Gazebo_Simulation) by extension 'ignore_ament_install'
[0.251s] Level 1:colcon.colcon_core.package_identification:_identify(Universal_Robots_ROS2_Gazebo_Simulation) by extensions ['colcon_pkg']
[0.251s] Level 1:colcon.colcon_core.package_identification:_identify(Universal_Robots_ROS2_Gazebo_Simulation) by extension 'colcon_pkg'
[0.251s] Level 1:colcon.colcon_core.package_identification:_identify(Universal_Robots_ROS2_Gazebo_Simulation) by extensions ['colcon_meta']
[0.251s] Level 1:colcon.colcon_core.package_identification:_identify(Universal_Robots_ROS2_Gazebo_Simulation) by extension 'colcon_meta'
[0.251s] Level 1:colcon.colcon_core.package_identification:_identify(Universal_Robots_ROS2_Gazebo_Simulation) by extensions ['ros']
[0.251s] Level 1:colcon.colcon_core.package_identification:_identify(Universal_Robots_ROS2_Gazebo_Simulation) by extension 'ros'
[0.251s] Level 1:colcon.colcon_core.package_identification:_identify(Universal_Robots_ROS2_Gazebo_Simulation) by extensions ['cmake', 'python']
[0.251s] Level 1:colcon.colcon_core.package_identification:_identify(Universal_Robots_ROS2_Gazebo_Simulation) by extension 'cmake'
[0.251s] Level 1:colcon.colcon_core.package_identification:_identify(Universal_Robots_ROS2_Gazebo_Simulation) by extension 'python'
[0.251s] Level 1:colcon.colcon_core.package_identification:_identify(Universal_Robots_ROS2_Gazebo_Simulation) by extensions ['python_setup_py']
[0.251s] Level 1:colcon.colcon_core.package_identification:_identify(Universal_Robots_ROS2_Gazebo_Simulation) by extension 'python_setup_py'
[0.251s] Level 1:colcon.colcon_core.package_identification:_identify(Universal_Robots_ROS2_Gazebo_Simulation/ur_simulation_gazebo) by extensions ['ignore', 'ignore_ament_install']
[0.251s] Level 1:colcon.colcon_core.package_identification:_identify(Universal_Robots_ROS2_Gazebo_Simulation/ur_simulation_gazebo) by extension 'ignore'
[0.251s] Level 1:colcon.colcon_core.package_identification:_identify(Universal_Robots_ROS2_Gazebo_Simulation/ur_simulation_gazebo) by extension 'ignore_ament_install'
[0.251s] Level 1:colcon.colcon_core.package_identification:_identify(Universal_Robots_ROS2_Gazebo_Simulation/ur_simulation_gazebo) by extensions ['colcon_pkg']
[0.251s] Level 1:colcon.colcon_core.package_identification:_identify(Universal_Robots_ROS2_Gazebo_Simulation/ur_simulation_gazebo) by extension 'colcon_pkg'
[0.251s] Level 1:colcon.colcon_core.package_identification:_identify(Universal_Robots_ROS2_Gazebo_Simulation/ur_simulation_gazebo) by extensions ['colcon_meta']
[0.251s] Level 1:colcon.colcon_core.package_identification:_identify(Universal_Robots_ROS2_Gazebo_Simulation/ur_simulation_gazebo) by extension 'colcon_meta'
[0.252s] Level 1:colcon.colcon_core.package_identification:_identify(Universal_Robots_ROS2_Gazebo_Simulation/ur_simulation_gazebo) by extensions ['ros']
[0.252s] Level 1:colcon.colcon_core.package_identification:_identify(Universal_Robots_ROS2_Gazebo_Simulation/ur_simulation_gazebo) by extension 'ros'
[0.252s] DEBUG:colcon.colcon_core.package_identification:Package 'Universal_Robots_ROS2_Gazebo_Simulation/ur_simulation_gazebo' with type 'ros.ament_cmake' and name 'ur_simulation_gazebo'
[0.252s] Level 1:colcon.colcon_core.package_identification:_identify(build) by extensions ['ignore', 'ignore_ament_install']
[0.252s] Level 1:colcon.colcon_core.package_identification:_identify(build) by extension 'ignore'
[0.252s] Level 1:colcon.colcon_core.package_identification:_identify(build) ignored
[0.252s] Level 1:colcon.colcon_core.package_identification:_identify(install) by extensions ['ignore', 'ignore_ament_install']
[0.252s] Level 1:colcon.colcon_core.package_identification:_identify(install) by extension 'ignore'
[0.252s] Level 1:colcon.colcon_core.package_identification:_identify(install) ignored
[0.252s] Level 1:colcon.colcon_core.package_identification:_identify(log) by extensions ['ignore', 'ignore_ament_install']
[0.252s] Level 1:colcon.colcon_core.package_identification:_identify(log) by extension 'ignore'
[0.252s] Level 1:colcon.colcon_core.package_identification:_identify(log) ignored
[0.252s] Level 1:colcon.colcon_core.package_discovery:discover_packages(recursive) using defaults
[0.252s] Level 1:colcon.colcon_core.package_discovery:discover_packages(ignore) discover
[0.252s] Level 1:colcon.colcon_core.package_discovery:discover_packages(ignore) using defaults
[0.252s] Level 1:colcon.colcon_core.package_discovery:discover_packages(path) discover
[0.252s] Level 1:colcon.colcon_core.package_discovery:discover_packages(path) using defaults
[0.273s] Level 1:colcon.colcon_core.package_discovery:discover_packages(prefix_path) check parameters
[0.273s] Level 1:colcon.colcon_core.package_discovery:discover_packages(prefix_path) discover
[0.276s] DEBUG:colcon.colcon_installed_package_information.package_discovery:Found 3 installed packages in /home/marlon/project_cvar_upm_drone_course/control/drone_course_ws/install
[0.276s] DEBUG:colcon.colcon_installed_package_information.package_discovery:Found 16 installed packages in /home/marlon/turtlebot3_ws/install
[0.277s] DEBUG:colcon.colcon_installed_package_information.package_discovery:Found 2 installed packages in /home/marlon/ros2_ws/install
[0.278s] DEBUG:colcon.colcon_installed_package_information.package_discovery:Found 431 installed packages in /opt/ros/humble
[0.279s] Level 1:colcon.colcon_core.package_discovery:discover_packages(prefix_path) using defaults
[0.314s] WARNING:colcon.colcon_core.package_selection:Some selected packages are already built in one or more underlay workspaces:
	'ur_description' is in: /opt/ros/humble
If a package in a merged underlay workspace is overridden and it installs headers, then all packages in the overlay must sort their include directories by workspace order. Failure to do so may result in build failures or undefined behavior at run time.
If the overridden package is used by another package in any underlay, then the overriding package in the overlay must be API and ABI compatible or undefined behavior at run time may occur.

If you understand the risks and want to override a package anyways, add the following to the command line:
	--allow-overriding ur_description

This may be promoted to an error in a future release of colcon-override-check.
[0.315s] Level 5:colcon.colcon_core.verb:set package 'ur_description' build argument 'cmake_args' from command line to 'None'
[0.315s] Level 5:colcon.colcon_core.verb:set package 'ur_description' build argument 'cmake_target' from command line to 'None'
[0.315s] Level 5:colcon.colcon_core.verb:set package 'ur_description' build argument 'cmake_target_skip_unavailable' from command line to 'False'
[0.315s] Level 5:colcon.colcon_core.verb:set package 'ur_description' build argument 'cmake_clean_cache' from command line to 'False'
[0.315s] Level 5:colcon.colcon_core.verb:set package 'ur_description' build argument 'cmake_clean_first' from command line to 'False'
[0.315s] Level 5:colcon.colcon_core.verb:set package 'ur_description' build argument 'cmake_force_configure' from command line to 'False'
[0.315s] Level 5:colcon.colcon_core.verb:set package 'ur_description' build argument 'ament_cmake_args' from command line to 'None'
[0.315s] Level 5:colcon.colcon_core.verb:set package 'ur_description' build argument 'catkin_cmake_args' from command line to 'None'
[0.315s] Level 5:colcon.colcon_core.verb:set package 'ur_description' build argument 'catkin_skip_building_tests' from command line to 'False'
[0.315s] DEBUG:colcon.colcon_core.verb:Building package 'ur_description' with the following arguments: {'ament_cmake_args': None, 'build_base': '/home/marlon/LAB/src/build/ur_description', 'catkin_cmake_args': None, 'catkin_skip_building_tests': False, 'cmake_args': None, 'cmake_clean_cache': False, 'cmake_clean_first': False, 'cmake_force_configure': False, 'cmake_target': None, 'cmake_target_skip_unavailable': False, 'install_base': '/home/marlon/LAB/src/install/ur_description', 'merge_install': False, 'path': '/home/marlon/LAB/src/Universal_Robots_ROS2_Description', 'symlink_install': False, 'test_result_base': None}
[0.315s] Level 5:colcon.colcon_core.verb:set package 'ur_simulation_gazebo' build argument 'cmake_args' from command line to 'None'
[0.315s] Level 5:colcon.colcon_core.verb:set package 'ur_simulation_gazebo' build argument 'cmake_target' from command line to 'None'
[0.315s] Level 5:colcon.colcon_core.verb:set package 'ur_simulation_gazebo' build argument 'cmake_target_skip_unavailable' from command line to 'False'
[0.315s] Level 5:colcon.colcon_core.verb:set package 'ur_simulation_gazebo' build argument 'cmake_clean_cache' from command line to 'False'
[0.315s] Level 5:colcon.colcon_core.verb:set package 'ur_simulation_gazebo' build argument 'cmake_clean_first' from command line to 'False'
[0.315s] Level 5:colcon.colcon_core.verb:set package 'ur_simulation_gazebo' build argument 'cmake_force_configure' from command line to 'False'
[0.315s] Level 5:colcon.colcon_core.verb:set package 'ur_simulation_gazebo' build argument 'ament_cmake_args' from command line to 'None'
[0.315s] Level 5:colcon.colcon_core.verb:set package 'ur_simulation_gazebo' build argument 'catkin_cmake_args' from command line to 'None'
[0.315s] Level 5:colcon.colcon_core.verb:set package 'ur_simulation_gazebo' build argument 'catkin_skip_building_tests' from command line to 'False'
[0.315s] DEBUG:colcon.colcon_core.verb:Building package 'ur_simulation_gazebo' with the following arguments: {'ament_cmake_args': None, 'build_base': '/home/marlon/LAB/src/build/ur_simulation_gazebo', 'catkin_cmake_args': None, 'catkin_skip_building_tests': False, 'cmake_args': None, 'cmake_clean_cache': False, 'cmake_clean_first': False, 'cmake_force_configure': False, 'cmake_target': None, 'cmake_target_skip_unavailable': False, 'install_base': '/home/marlon/LAB/src/install/ur_simulation_gazebo', 'merge_install': False, 'path': '/home/marlon/LAB/src/Universal_Robots_ROS2_Gazebo_Simulation/ur_simulation_gazebo', 'symlink_install': False, 'test_result_base': None}
[0.315s] INFO:colcon.colcon_core.executor:Executing jobs using 'parallel' executor
[0.316s] DEBUG:colcon.colcon_parallel_executor.executor.parallel:run_until_complete
[0.316s] INFO:colcon.colcon_ros.task.ament_cmake.build:Building ROS package in '/home/marlon/LAB/src/Universal_Robots_ROS2_Description' with build type 'ament_cmake'
[0.316s] INFO:colcon.colcon_cmake.task.cmake.build:Building CMake package in '/home/marlon/LAB/src/Universal_Robots_ROS2_Description'
[0.318s] INFO:colcon.colcon_core.plugin_system:Skipping extension 'colcon_core.shell.bat': Not used on non-Windows systems
[0.318s] INFO:colcon.colcon_core.shell:Skip shell extension 'powershell' for command environment: Not usable outside of PowerShell
[0.318s] DEBUG:colcon.colcon_core.shell:Skip shell extension 'dsv' for command environment
[0.328s] DEBUG:colcon.colcon_core.event_handler.log_command:Invoking command in '/home/marlon/LAB/src/build/ur_description': CMAKE_PREFIX_PATH=/home/marlon/project_cvar_upm_drone_course/control/drone_course_ws/install/exercise_2:/home/marlon/project_cvar_upm_drone_course/control/drone_course_ws/install/exercise_1:/home/marlon/project_cvar_upm_drone_course/control/drone_course_ws/install/drone_course_msgs:/home/marlon/turtlebot3_ws/install/turtlebot3_teleop:/home/marlon/turtlebot3_ws/install/turtlebot3_example:/opt/ros/humble:/home/marlon/ros2_ws/install/robot_controller:/home/marlon/ros2_ws/install/learning_tf2_cpp:/home/marlon/turtlebot3_ws/install/turtlebot3:/home/marlon/turtlebot3_ws/install/turtlebot3_simulations:/home/marlon/turtlebot3_ws/install/turtlebot3_bringup:/home/marlon/turtlebot3_ws/install/turtlebot3_node:/home/marlon/turtlebot3_ws/install/turtlebot3_navigation2:/home/marlon/turtlebot3_ws/install/turtlebot3_fake_node:/home/marlon/turtlebot3_ws/install/turtlebot3_msgs:/home/marlon/turtlebot3_ws/install/turtlebot3_manipulation_gazebo:/home/marlon/turtlebot3_ws/install/turtlebot3_gazebo:/home/marlon/turtlebot3_ws/install/turtlebot3_description:/home/marlon/turtlebot3_ws/install/turtlebot3_cartographer:/home/marlon/turtlebot3_ws/install/dynamixel_sdk_examples:/home/marlon/turtlebot3_ws/install/dynamixel_sdk_custom_interfaces:/home/marlon/turtlebot3_ws/install/dynamixel_sdk /usr/bin/cmake /home/marlon/LAB/src/Universal_Robots_ROS2_Description -DCMAKE_INSTALL_PREFIX=/home/marlon/LAB/src/install/ur_description
[1.436s] DEBUG:colcon.colcon_core.event_handler.log_command:Invoked command in '/home/marlon/LAB/src/build/ur_description' returned '0': CMAKE_PREFIX_PATH=/home/marlon/project_cvar_upm_drone_course/control/drone_course_ws/install/exercise_2:/home/marlon/project_cvar_upm_drone_course/control/drone_course_ws/install/exercise_1:/home/marlon/project_cvar_upm_drone_course/control/drone_course_ws/install/drone_course_msgs:/home/marlon/turtlebot3_ws/install/turtlebot3_teleop:/home/marlon/turtlebot3_ws/install/turtlebot3_example:/opt/ros/humble:/home/marlon/ros2_ws/install/robot_controller:/home/marlon/ros2_ws/install/learning_tf2_cpp:/home/marlon/turtlebot3_ws/install/turtlebot3:/home/marlon/turtlebot3_ws/install/turtlebot3_simulations:/home/marlon/turtlebot3_ws/install/turtlebot3_bringup:/home/marlon/turtlebot3_ws/install/turtlebot3_node:/home/marlon/turtlebot3_ws/install/turtlebot3_navigation2:/home/marlon/turtlebot3_ws/install/turtlebot3_fake_node:/home/marlon/turtlebot3_ws/install/turtlebot3_msgs:/home/marlon/turtlebot3_ws/install/turtlebot3_manipulation_gazebo:/home/marlon/turtlebot3_ws/install/turtlebot3_gazebo:/home/marlon/turtlebot3_ws/install/turtlebot3_description:/home/marlon/turtlebot3_ws/install/turtlebot3_cartographer:/home/marlon/turtlebot3_ws/install/dynamixel_sdk_examples:/home/marlon/turtlebot3_ws/install/dynamixel_sdk_custom_interfaces:/home/marlon/turtlebot3_ws/install/dynamixel_sdk /usr/bin/cmake /home/marlon/LAB/src/Universal_Robots_ROS2_Description -DCMAKE_INSTALL_PREFIX=/home/marlon/LAB/src/install/ur_description
[1.436s] DEBUG:colcon.colcon_core.event_handler.log_command:Invoking command in '/home/marlon/LAB/src/build/ur_description': CMAKE_PREFIX_PATH=/home/marlon/project_cvar_upm_drone_course/control/drone_course_ws/install/exercise_2:/home/marlon/project_cvar_upm_drone_course/control/drone_course_ws/install/exercise_1:/home/marlon/project_cvar_upm_drone_course/control/drone_course_ws/install/drone_course_msgs:/home/marlon/turtlebot3_ws/install/turtlebot3_teleop:/home/marlon/turtlebot3_ws/install/turtlebot3_example:/opt/ros/humble:/home/marlon/ros2_ws/install/robot_controller:/home/marlon/ros2_ws/install/learning_tf2_cpp:/home/marlon/turtlebot3_ws/install/turtlebot3:/home/marlon/turtlebot3_ws/install/turtlebot3_simulations:/home/marlon/turtlebot3_ws/install/turtlebot3_bringup:/home/marlon/turtlebot3_ws/install/turtlebot3_node:/home/marlon/turtlebot3_ws/install/turtlebot3_navigation2:/home/marlon/turtlebot3_ws/install/turtlebot3_fake_node:/home/marlon/turtlebot3_ws/install/turtlebot3_msgs:/home/marlon/turtlebot3_ws/install/turtlebot3_manipulation_gazebo:/home/marlon/turtlebot3_ws/install/turtlebot3_gazebo:/home/marlon/turtlebot3_ws/install/turtlebot3_description:/home/marlon/turtlebot3_ws/install/turtlebot3_cartographer:/home/marlon/turtlebot3_ws/install/dynamixel_sdk_examples:/home/marlon/turtlebot3_ws/install/dynamixel_sdk_custom_interfaces:/home/marlon/turtlebot3_ws/install/dynamixel_sdk /usr/bin/cmake --build /home/marlon/LAB/src/build/ur_description -- -j20 -l20
[1.483s] DEBUG:colcon.colcon_core.event_handler.log_command:Invoked command in '/home/marlon/LAB/src/build/ur_description' returned '0': CMAKE_PREFIX_PATH=/home/marlon/project_cvar_upm_drone_course/control/drone_course_ws/install/exercise_2:/home/marlon/project_cvar_upm_drone_course/control/drone_course_ws/install/exercise_1:/home/marlon/project_cvar_upm_drone_course/control/drone_course_ws/install/drone_course_msgs:/home/marlon/turtlebot3_ws/install/turtlebot3_teleop:/home/marlon/turtlebot3_ws/install/turtlebot3_example:/opt/ros/humble:/home/marlon/ros2_ws/install/robot_controller:/home/marlon/ros2_ws/install/learning_tf2_cpp:/home/marlon/turtlebot3_ws/install/turtlebot3:/home/marlon/turtlebot3_ws/install/turtlebot3_simulations:/home/marlon/turtlebot3_ws/install/turtlebot3_bringup:/home/marlon/turtlebot3_ws/install/turtlebot3_node:/home/marlon/turtlebot3_ws/install/turtlebot3_navigation2:/home/marlon/turtlebot3_ws/install/turtlebot3_fake_node:/home/marlon/turtlebot3_ws/install/turtlebot3_msgs:/home/marlon/turtlebot3_ws/install/turtlebot3_manipulation_gazebo:/home/marlon/turtlebot3_ws/install/turtlebot3_gazebo:/home/marlon/turtlebot3_ws/install/turtlebot3_description:/home/marlon/turtlebot3_ws/install/turtlebot3_cartographer:/home/marlon/turtlebot3_ws/install/dynamixel_sdk_examples:/home/marlon/turtlebot3_ws/install/dynamixel_sdk_custom_interfaces:/home/marlon/turtlebot3_ws/install/dynamixel_sdk /usr/bin/cmake --build /home/marlon/LAB/src/build/ur_description -- -j20 -l20
[1.497s] DEBUG:colcon.colcon_core.event_handler.log_command:Invoking command in '/home/marlon/LAB/src/build/ur_description': CMAKE_PREFIX_PATH=/home/marlon/project_cvar_upm_drone_course/control/drone_course_ws/install/exercise_2:/home/marlon/project_cvar_upm_drone_course/control/drone_course_ws/install/exercise_1:/home/marlon/project_cvar_upm_drone_course/control/drone_course_ws/install/drone_course_msgs:/home/marlon/turtlebot3_ws/install/turtlebot3_teleop:/home/marlon/turtlebot3_ws/install/turtlebot3_example:/opt/ros/humble:/home/marlon/ros2_ws/install/robot_controller:/home/marlon/ros2_ws/install/learning_tf2_cpp:/home/marlon/turtlebot3_ws/install/turtlebot3:/home/marlon/turtlebot3_ws/install/turtlebot3_simulations:/home/marlon/turtlebot3_ws/install/turtlebot3_bringup:/home/marlon/turtlebot3_ws/install/turtlebot3_node:/home/marlon/turtlebot3_ws/install/turtlebot3_navigation2:/home/marlon/turtlebot3_ws/install/turtlebot3_fake_node:/home/marlon/turtlebot3_ws/install/turtlebot3_msgs:/home/marlon/turtlebot3_ws/install/turtlebot3_manipulation_gazebo:/home/marlon/turtlebot3_ws/install/turtlebot3_gazebo:/home/marlon/turtlebot3_ws/install/turtlebot3_description:/home/marlon/turtlebot3_ws/install/turtlebot3_cartographer:/home/marlon/turtlebot3_ws/install/dynamixel_sdk_examples:/home/marlon/turtlebot3_ws/install/dynamixel_sdk_custom_interfaces:/home/marlon/turtlebot3_ws/install/dynamixel_sdk /usr/bin/cmake --install /home/marlon/LAB/src/build/ur_description
[1.638s] Level 1:colcon.colcon_core.environment:create_environment_scripts_only(ur_description)
[1.638s] DEBUG:colcon.colcon_core.event_handler.log_command:Invoked command in '/home/marlon/LAB/src/build/ur_description' returned '0': CMAKE_PREFIX_PATH=/home/marlon/project_cvar_upm_drone_course/control/drone_course_ws/install/exercise_2:/home/marlon/project_cvar_upm_drone_course/control/drone_course_ws/install/exercise_1:/home/marlon/project_cvar_upm_drone_course/control/drone_course_ws/install/drone_course_msgs:/home/marlon/turtlebot3_ws/install/turtlebot3_teleop:/home/marlon/turtlebot3_ws/install/turtlebot3_example:/opt/ros/humble:/home/marlon/ros2_ws/install/robot_controller:/home/marlon/ros2_ws/install/learning_tf2_cpp:/home/marlon/turtlebot3_ws/install/turtlebot3:/home/marlon/turtlebot3_ws/install/turtlebot3_simulations:/home/marlon/turtlebot3_ws/install/turtlebot3_bringup:/home/marlon/turtlebot3_ws/install/turtlebot3_node:/home/marlon/turtlebot3_ws/install/turtlebot3_navigation2:/home/marlon/turtlebot3_ws/install/turtlebot3_fake_node:/home/marlon/turtlebot3_ws/install/turtlebot3_msgs:/home/marlon/turtlebot3_ws/install/turtlebot3_manipulation_gazebo:/home/marlon/turtlebot3_ws/install/turtlebot3_gazebo:/home/marlon/turtlebot3_ws/install/turtlebot3_description:/home/marlon/turtlebot3_ws/install/turtlebot3_cartographer:/home/marlon/turtlebot3_ws/install/dynamixel_sdk_examples:/home/marlon/turtlebot3_ws/install/dynamixel_sdk_custom_interfaces:/home/marlon/turtlebot3_ws/install/dynamixel_sdk /usr/bin/cmake --install /home/marlon/LAB/src/build/ur_description
[1.640s] Level 1:colcon.colcon_core.environment:checking '/home/marlon/LAB/src/install/ur_description' for CMake module files
[1.641s] Level 1:colcon.colcon_core.environment:checking '/home/marlon/LAB/src/install/ur_description' for CMake config files
[1.641s] Level 1:colcon.colcon_core.shell:create_environment_hook('ur_description', 'cmake_prefix_path')
[1.641s] INFO:colcon.colcon_core.shell:Creating environment hook '/home/marlon/LAB/src/install/ur_description/share/ur_description/hook/cmake_prefix_path.ps1'
[1.642s] INFO:colcon.colcon_core.shell:Creating environment descriptor '/home/marlon/LAB/src/install/ur_description/share/ur_description/hook/cmake_prefix_path.dsv'
[1.642s] INFO:colcon.colcon_core.shell:Creating environment hook '/home/marlon/LAB/src/install/ur_description/share/ur_description/hook/cmake_prefix_path.sh'
[1.642s] Level 1:colcon.colcon_core.environment:checking '/home/marlon/LAB/src/install/ur_description/bin'
[1.643s] Level 1:colcon.colcon_core.environment:checking '/home/marlon/LAB/src/install/ur_description/lib/pkgconfig/ur_description.pc'
[1.643s] Level 1:colcon.colcon_core.environment:checking '/home/marlon/LAB/src/install/ur_description/lib/python3.10/site-packages'
[1.643s] Level 1:colcon.colcon_core.environment:checking '/home/marlon/LAB/src/install/ur_description/bin'
[1.643s] INFO:colcon.colcon_core.shell:Creating package script '/home/marlon/LAB/src/install/ur_description/share/ur_description/package.ps1'
[1.644s] INFO:colcon.colcon_core.shell:Creating package descriptor '/home/marlon/LAB/src/install/ur_description/share/ur_description/package.dsv'
[1.644s] INFO:colcon.colcon_core.shell:Creating package script '/home/marlon/LAB/src/install/ur_description/share/ur_description/package.sh'
[1.645s] INFO:colcon.colcon_core.shell:Creating package script '/home/marlon/LAB/src/install/ur_description/share/ur_description/package.bash'
[1.645s] INFO:colcon.colcon_core.shell:Creating package script '/home/marlon/LAB/src/install/ur_description/share/ur_description/package.zsh'
[1.646s] Level 1:colcon.colcon_core.environment:create_file_with_runtime_dependencies(/home/marlon/LAB/src/install/ur_description/share/colcon-core/packages/ur_description)
[1.646s] Level 1:colcon.colcon_core.environment:create_environment_scripts_only(ur_description)
[1.646s] Level 1:colcon.colcon_core.environment:checking '/home/marlon/LAB/src/install/ur_description' for CMake module files
[1.646s] Level 1:colcon.colcon_core.environment:checking '/home/marlon/LAB/src/install/ur_description' for CMake config files
[1.647s] Level 1:colcon.colcon_core.shell:create_environment_hook('ur_description', 'cmake_prefix_path')
[1.647s] INFO:colcon.colcon_core.shell:Creating environment hook '/home/marlon/LAB/src/install/ur_description/share/ur_description/hook/cmake_prefix_path.ps1'
[1.647s] INFO:colcon.colcon_core.shell:Creating environment descriptor '/home/marlon/LAB/src/install/ur_description/share/ur_description/hook/cmake_prefix_path.dsv'
[1.647s] INFO:colcon.colcon_core.shell:Creating environment hook '/home/marlon/LAB/src/install/ur_description/share/ur_description/hook/cmake_prefix_path.sh'
[1.648s] Level 1:colcon.colcon_core.environment:checking '/home/marlon/LAB/src/install/ur_description/bin'
[1.648s] Level 1:colcon.colcon_core.environment:checking '/home/marlon/LAB/src/install/ur_description/lib/pkgconfig/ur_description.pc'
[1.648s] Level 1:colcon.colcon_core.environment:checking '/home/marlon/LAB/src/install/ur_description/lib/python3.10/site-packages'
[1.648s] Level 1:colcon.colcon_core.environment:checking '/home/marlon/LAB/src/install/ur_description/bin'
[1.648s] INFO:colcon.colcon_core.shell:Creating package script '/home/marlon/LAB/src/install/ur_description/share/ur_description/package.ps1'
[1.649s] INFO:colcon.colcon_core.shell:Creating package descriptor '/home/marlon/LAB/src/install/ur_description/share/ur_description/package.dsv'
[1.649s] INFO:colcon.colcon_core.shell:Creating package script '/home/marlon/LAB/src/install/ur_description/share/ur_description/package.sh'
[1.649s] INFO:colcon.colcon_core.shell:Creating package script '/home/marlon/LAB/src/install/ur_description/share/ur_description/package.bash'
[1.649s] INFO:colcon.colcon_core.shell:Creating package script '/home/marlon/LAB/src/install/ur_description/share/ur_description/package.zsh'
[1.650s] Level 1:colcon.colcon_core.environment:create_file_with_runtime_dependencies(/home/marlon/LAB/src/install/ur_description/share/colcon-core/packages/ur_description)
[1.650s] INFO:colcon.colcon_ros.task.ament_cmake.build:Building ROS package in '/home/marlon/LAB/src/Universal_Robots_ROS2_Gazebo_Simulation/ur_simulation_gazebo' with build type 'ament_cmake'
[1.650s] INFO:colcon.colcon_cmake.task.cmake.build:Building CMake package in '/home/marlon/LAB/src/Universal_Robots_ROS2_Gazebo_Simulation/ur_simulation_gazebo'
[1.650s] INFO:colcon.colcon_core.shell:Skip shell extension 'powershell' for command environment: Not usable outside of PowerShell
[1.650s] DEBUG:colcon.colcon_core.shell:Skip shell extension 'dsv' for command environment
[1.659s] DEBUG:colcon.colcon_core.event_handler.log_command:Invoking command in '/home/marlon/LAB/src/build/ur_simulation_gazebo': AMENT_PREFIX_PATH=/home/marlon/LAB/src/install/ur_description:${AMENT_PREFIX_PATH} CMAKE_PREFIX_PATH=/home/marlon/LAB/src/install/ur_description:/home/marlon/project_cvar_upm_drone_course/control/drone_course_ws/install/exercise_2:/home/marlon/project_cvar_upm_drone_course/control/drone_course_ws/install/exercise_1:/home/marlon/project_cvar_upm_drone_course/control/drone_course_ws/install/drone_course_msgs:/home/marlon/turtlebot3_ws/install/turtlebot3_teleop:/home/marlon/turtlebot3_ws/install/turtlebot3_example:/opt/ros/humble:/home/marlon/ros2_ws/install/robot_controller:/home/marlon/ros2_ws/install/learning_tf2_cpp:/home/marlon/turtlebot3_ws/install/turtlebot3:/home/marlon/turtlebot3_ws/install/turtlebot3_simulations:/home/marlon/turtlebot3_ws/install/turtlebot3_bringup:/home/marlon/turtlebot3_ws/install/turtlebot3_node:/home/marlon/turtlebot3_ws/install/turtlebot3_navigation2:/home/marlon/turtlebot3_ws/install/turtlebot3_fake_node:/home/marlon/turtlebot3_ws/install/turtlebot3_msgs:/home/marlon/turtlebot3_ws/install/turtlebot3_manipulation_gazebo:/home/marlon/turtlebot3_ws/install/turtlebot3_gazebo:/home/marlon/turtlebot3_ws/install/turtlebot3_description:/home/marlon/turtlebot3_ws/install/turtlebot3_cartographer:/home/marlon/turtlebot3_ws/install/dynamixel_sdk_examples:/home/marlon/turtlebot3_ws/install/dynamixel_sdk_custom_interfaces:/home/marlon/turtlebot3_ws/install/dynamixel_sdk /usr/bin/cmake /home/marlon/LAB/src/Universal_Robots_ROS2_Gazebo_Simulation/ur_simulation_gazebo -DCMAKE_INSTALL_PREFIX=/home/marlon/LAB/src/install/ur_simulation_gazebo
[2.317s] DEBUG:colcon.colcon_core.event_handler.log_command:Invoked command in '/home/marlon/LAB/src/build/ur_simulation_gazebo' returned '0': AMENT_PREFIX_PATH=/home/marlon/LAB/src/install/ur_description:${AMENT_PREFIX_PATH} CMAKE_PREFIX_PATH=/home/marlon/LAB/src/install/ur_description:/home/marlon/project_cvar_upm_drone_course/control/drone_course_ws/install/exercise_2:/home/marlon/project_cvar_upm_drone_course/control/drone_course_ws/install/exercise_1:/home/marlon/project_cvar_upm_drone_course/control/drone_course_ws/install/drone_course_msgs:/home/marlon/turtlebot3_ws/install/turtlebot3_teleop:/home/marlon/turtlebot3_ws/install/turtlebot3_example:/opt/ros/humble:/home/marlon/ros2_ws/install/robot_controller:/home/marlon/ros2_ws/install/learning_tf2_cpp:/home/marlon/turtlebot3_ws/install/turtlebot3:/home/marlon/turtlebot3_ws/install/turtlebot3_simulations:/home/marlon/turtlebot3_ws/install/turtlebot3_bringup:/home/marlon/turtlebot3_ws/install/turtlebot3_node:/home/marlon/turtlebot3_ws/install/turtlebot3_navigation2:/home/marlon/turtlebot3_ws/install/turtlebot3_fake_node:/home/marlon/turtlebot3_ws/install/turtlebot3_msgs:/home/marlon/turtlebot3_ws/install/turtlebot3_manipulation_gazebo:/home/marlon/turtlebot3_ws/install/turtlebot3_gazebo:/home/marlon/turtlebot3_ws/install/turtlebot3_description:/home/marlon/turtlebot3_ws/install/turtlebot3_cartographer:/home/marlon/turtlebot3_ws/install/dynamixel_sdk_examples:/home/marlon/turtlebot3_ws/install/dynamixel_sdk_custom_interfaces:/home/marlon/turtlebot3_ws/install/dynamixel_sdk /usr/bin/cmake /home/marlon/LAB/src/Universal_Robots_ROS2_Gazebo_Simulation/ur_simulation_gazebo -DCMAKE_INSTALL_PREFIX=/home/marlon/LAB/src/install/ur_simulation_gazebo
[2.318s] DEBUG:colcon.colcon_core.event_handler.log_command:Invoking command in '/home/marlon/LAB/src/build/ur_simulation_gazebo': AMENT_PREFIX_PATH=/home/marlon/LAB/src/install/ur_description:${AMENT_PREFIX_PATH} CMAKE_PREFIX_PATH=/home/marlon/LAB/src/install/ur_description:/home/marlon/project_cvar_upm_drone_course/control/drone_course_ws/install/exercise_2:/home/marlon/project_cvar_upm_drone_course/control/drone_course_ws/install/exercise_1:/home/marlon/project_cvar_upm_drone_course/control/drone_course_ws/install/drone_course_msgs:/home/marlon/turtlebot3_ws/install/turtlebot3_teleop:/home/marlon/turtlebot3_ws/install/turtlebot3_example:/opt/ros/humble:/home/marlon/ros2_ws/install/robot_controller:/home/marlon/ros2_ws/install/learning_tf2_cpp:/home/marlon/turtlebot3_ws/install/turtlebot3:/home/marlon/turtlebot3_ws/install/turtlebot3_simulations:/home/marlon/turtlebot3_ws/install/turtlebot3_bringup:/home/marlon/turtlebot3_ws/install/turtlebot3_node:/home/marlon/turtlebot3_ws/install/turtlebot3_navigation2:/home/marlon/turtlebot3_ws/install/turtlebot3_fake_node:/home/marlon/turtlebot3_ws/install/turtlebot3_msgs:/home/marlon/turtlebot3_ws/install/turtlebot3_manipulation_gazebo:/home/marlon/turtlebot3_ws/install/turtlebot3_gazebo:/home/marlon/turtlebot3_ws/install/turtlebot3_description:/home/marlon/turtlebot3_ws/install/turtlebot3_cartographer:/home/marlon/turtlebot3_ws/install/dynamixel_sdk_examples:/home/marlon/turtlebot3_ws/install/dynamixel_sdk_custom_interfaces:/home/marlon/turtlebot3_ws/install/dynamixel_sdk /usr/bin/cmake --build /home/marlon/LAB/src/build/ur_simulation_gazebo -- -j20 -l20
[2.368s] DEBUG:colcon.colcon_core.event_handler.log_command:Invoked command in '/home/marlon/LAB/src/build/ur_simulation_gazebo' returned '0': AMENT_PREFIX_PATH=/home/marlon/LAB/src/install/ur_description:${AMENT_PREFIX_PATH} CMAKE_PREFIX_PATH=/home/marlon/LAB/src/install/ur_description:/home/marlon/project_cvar_upm_drone_course/control/drone_course_ws/install/exercise_2:/home/marlon/project_cvar_upm_drone_course/control/drone_course_ws/install/exercise_1:/home/marlon/project_cvar_upm_drone_course/control/drone_course_ws/install/drone_course_msgs:/home/marlon/turtlebot3_ws/install/turtlebot3_teleop:/home/marlon/turtlebot3_ws/install/turtlebot3_example:/opt/ros/humble:/home/marlon/ros2_ws/install/robot_controller:/home/marlon/ros2_ws/install/learning_tf2_cpp:/home/marlon/turtlebot3_ws/install/turtlebot3:/home/marlon/turtlebot3_ws/install/turtlebot3_simulations:/home/marlon/turtlebot3_ws/install/turtlebot3_bringup:/home/marlon/turtlebot3_ws/install/turtlebot3_node:/home/marlon/turtlebot3_ws/install/turtlebot3_navigation2:/home/marlon/turtlebot3_ws/install/turtlebot3_fake_node:/home/marlon/turtlebot3_ws/install/turtlebot3_msgs:/home/marlon/turtlebot3_ws/install/turtlebot3_manipulation_gazebo:/home/marlon/turtlebot3_ws/install/turtlebot3_gazebo:/home/marlon/turtlebot3_ws/install/turtlebot3_description:/home/marlon/turtlebot3_ws/install/turtlebot3_cartographer:/home/marlon/turtlebot3_ws/install/dynamixel_sdk_examples:/home/marlon/turtlebot3_ws/install/dynamixel_sdk_custom_interfaces:/home/marlon/turtlebot3_ws/install/dynamixel_sdk /usr/bin/cmake --build /home/marlon/LAB/src/build/ur_simulation_gazebo -- -j20 -l20
[2.371s] DEBUG:colcon.colcon_core.event_handler.log_command:Invoking command in '/home/marlon/LAB/src/build/ur_simulation_gazebo': AMENT_PREFIX_PATH=/home/marlon/LAB/src/install/ur_description:${AMENT_PREFIX_PATH} CMAKE_PREFIX_PATH=/home/marlon/LAB/src/install/ur_description:/home/marlon/project_cvar_upm_drone_course/control/drone_course_ws/install/exercise_2:/home/marlon/project_cvar_upm_drone_course/control/drone_course_ws/install/exercise_1:/home/marlon/project_cvar_upm_drone_course/control/drone_course_ws/install/drone_course_msgs:/home/marlon/turtlebot3_ws/install/turtlebot3_teleop:/home/marlon/turtlebot3_ws/install/turtlebot3_example:/opt/ros/humble:/home/marlon/ros2_ws/install/robot_controller:/home/marlon/ros2_ws/install/learning_tf2_cpp:/home/marlon/turtlebot3_ws/install/turtlebot3:/home/marlon/turtlebot3_ws/install/turtlebot3_simulations:/home/marlon/turtlebot3_ws/install/turtlebot3_bringup:/home/marlon/turtlebot3_ws/install/turtlebot3_node:/home/marlon/turtlebot3_ws/install/turtlebot3_navigation2:/home/marlon/turtlebot3_ws/install/turtlebot3_fake_node:/home/marlon/turtlebot3_ws/install/turtlebot3_msgs:/home/marlon/turtlebot3_ws/install/turtlebot3_manipulation_gazebo:/home/marlon/turtlebot3_ws/install/turtlebot3_gazebo:/home/marlon/turtlebot3_ws/install/turtlebot3_description:/home/marlon/turtlebot3_ws/install/turtlebot3_cartographer:/home/marlon/turtlebot3_ws/install/dynamixel_sdk_examples:/home/marlon/turtlebot3_ws/install/dynamixel_sdk_custom_interfaces:/home/marlon/turtlebot3_ws/install/dynamixel_sdk /usr/bin/cmake --install /home/marlon/LAB/src/build/ur_simulation_gazebo
[2.386s] Level 1:colcon.colcon_core.environment:create_environment_scripts_only(ur_simulation_gazebo)
[2.386s] Level 1:colcon.colcon_core.environment:checking '/home/marlon/LAB/src/install/ur_simulation_gazebo' for CMake module files
[2.387s] DEBUG:colcon.colcon_core.event_handler.log_command:Invoked command in '/home/marlon/LAB/src/build/ur_simulation_gazebo' returned '0': AMENT_PREFIX_PATH=/home/marlon/LAB/src/install/ur_description:${AMENT_PREFIX_PATH} CMAKE_PREFIX_PATH=/home/marlon/LAB/src/install/ur_description:/home/marlon/project_cvar_upm_drone_course/control/drone_course_ws/install/exercise_2:/home/marlon/project_cvar_upm_drone_course/control/drone_course_ws/install/exercise_1:/home/marlon/project_cvar_upm_drone_course/control/drone_course_ws/install/drone_course_msgs:/home/marlon/turtlebot3_ws/install/turtlebot3_teleop:/home/marlon/turtlebot3_ws/install/turtlebot3_example:/opt/ros/humble:/home/marlon/ros2_ws/install/robot_controller:/home/marlon/ros2_ws/install/learning_tf2_cpp:/home/marlon/turtlebot3_ws/install/turtlebot3:/home/marlon/turtlebot3_ws/install/turtlebot3_simulations:/home/marlon/turtlebot3_ws/install/turtlebot3_bringup:/home/marlon/turtlebot3_ws/install/turtlebot3_node:/home/marlon/turtlebot3_ws/install/turtlebot3_navigation2:/home/marlon/turtlebot3_ws/install/turtlebot3_fake_node:/home/marlon/turtlebot3_ws/install/turtlebot3_msgs:/home/marlon/turtlebot3_ws/install/turtlebot3_manipulation_gazebo:/home/marlon/turtlebot3_ws/install/turtlebot3_gazebo:/home/marlon/turtlebot3_ws/install/turtlebot3_description:/home/marlon/turtlebot3_ws/install/turtlebot3_cartographer:/home/marlon/turtlebot3_ws/install/dynamixel_sdk_examples:/home/marlon/turtlebot3_ws/install/dynamixel_sdk_custom_interfaces:/home/marlon/turtlebot3_ws/install/dynamixel_sdk /usr/bin/cmake --install /home/marlon/LAB/src/build/ur_simulation_gazebo
[2.387s] Level 1:colcon.colcon_core.environment:checking '/home/marlon/LAB/src/install/ur_simulation_gazebo' for CMake config files
[2.387s] Level 1:colcon.colcon_core.shell:create_environment_hook('ur_simulation_gazebo', 'cmake_prefix_path')
[2.388s] INFO:colcon.colcon_core.shell:Creating environment hook '/home/marlon/LAB/src/install/ur_simulation_gazebo/share/ur_simulation_gazebo/hook/cmake_prefix_path.ps1'
[2.388s] INFO:colcon.colcon_core.shell:Creating environment descriptor '/home/marlon/LAB/src/install/ur_simulation_gazebo/share/ur_simulation_gazebo/hook/cmake_prefix_path.dsv'
[2.389s] INFO:colcon.colcon_core.shell:Creating environment hook '/home/marlon/LAB/src/install/ur_simulation_gazebo/share/ur_simulation_gazebo/hook/cmake_prefix_path.sh'
[2.389s] Level 1:colcon.colcon_core.environment:checking '/home/marlon/LAB/src/install/ur_simulation_gazebo/bin'
[2.389s] Level 1:colcon.colcon_core.environment:checking '/home/marlon/LAB/src/install/ur_simulation_gazebo/lib/pkgconfig/ur_simulation_gazebo.pc'
[2.390s] Level 1:colcon.colcon_core.environment:checking '/home/marlon/LAB/src/install/ur_simulation_gazebo/lib/python3.10/site-packages'
[2.390s] Level 1:colcon.colcon_core.environment:checking '/home/marlon/LAB/src/install/ur_simulation_gazebo/bin'
[2.390s] INFO:colcon.colcon_core.shell:Creating package script '/home/marlon/LAB/src/install/ur_simulation_gazebo/share/ur_simulation_gazebo/package.ps1'
[2.391s] INFO:colcon.colcon_core.shell:Creating package descriptor '/home/marlon/LAB/src/install/ur_simulation_gazebo/share/ur_simulation_gazebo/package.dsv'
[2.392s] INFO:colcon.colcon_core.shell:Creating package script '/home/marlon/LAB/src/install/ur_simulation_gazebo/share/ur_simulation_gazebo/package.sh'
[2.392s] INFO:colcon.colcon_core.shell:Creating package script '/home/marlon/LAB/src/install/ur_simulation_gazebo/share/ur_simulation_gazebo/package.bash'
[2.392s] INFO:colcon.colcon_core.shell:Creating package script '/home/marlon/LAB/src/install/ur_simulation_gazebo/share/ur_simulation_gazebo/package.zsh'
[2.393s] Level 1:colcon.colcon_core.environment:create_file_with_runtime_dependencies(/home/marlon/LAB/src/install/ur_simulation_gazebo/share/colcon-core/packages/ur_simulation_gazebo)
[2.394s] Level 1:colcon.colcon_core.environment:create_environment_scripts_only(ur_simulation_gazebo)
[2.394s] Level 1:colcon.colcon_core.environment:checking '/home/marlon/LAB/src/install/ur_simulation_gazebo' for CMake module files
[2.394s] Level 1:colcon.colcon_core.environment:checking '/home/marlon/LAB/src/install/ur_simulation_gazebo' for CMake config files
[2.395s] Level 1:colcon.colcon_core.shell:create_environment_hook('ur_simulation_gazebo', 'cmake_prefix_path')
[2.395s] INFO:colcon.colcon_core.shell:Creating environment hook '/home/marlon/LAB/src/install/ur_simulation_gazebo/share/ur_simulation_gazebo/hook/cmake_prefix_path.ps1'
[2.395s] INFO:colcon.colcon_core.shell:Creating environment descriptor '/home/marlon/LAB/src/install/ur_simulation_gazebo/share/ur_simulation_gazebo/hook/cmake_prefix_path.dsv'
[2.396s] INFO:colcon.colcon_core.shell:Creating environment hook '/home/marlon/LAB/src/install/ur_simulation_gazebo/share/ur_simulation_gazebo/hook/cmake_prefix_path.sh'
[2.396s] Level 1:colcon.colcon_core.environment:checking '/home/marlon/LAB/src/install/ur_simulation_gazebo/bin'
[2.396s] Level 1:colcon.colcon_core.environment:checking '/home/marlon/LAB/src/install/ur_simulation_gazebo/lib/pkgconfig/ur_simulation_gazebo.pc'
[2.397s] Level 1:colcon.colcon_core.environment:checking '/home/marlon/LAB/src/install/ur_simulation_gazebo/lib/python3.10/site-packages'
[2.397s] Level 1:colcon.colcon_core.environment:checking '/home/marlon/LAB/src/install/ur_simulation_gazebo/bin'
[2.398s] INFO:colcon.colcon_core.shell:Creating package script '/home/marlon/LAB/src/install/ur_simulation_gazebo/share/ur_simulation_gazebo/package.ps1'
[2.398s] INFO:colcon.colcon_core.shell:Creating package descriptor '/home/marlon/LAB/src/install/ur_simulation_gazebo/share/ur_simulation_gazebo/package.dsv'
[2.399s] INFO:colcon.colcon_core.shell:Creating package script '/home/marlon/LAB/src/install/ur_simulation_gazebo/share/ur_simulation_gazebo/package.sh'
[2.399s] INFO:colcon.colcon_core.shell:Creating package script '/home/marlon/LAB/src/install/ur_simulation_gazebo/share/ur_simulation_gazebo/package.bash'
[2.400s] INFO:colcon.colcon_core.shell:Creating package script '/home/marlon/LAB/src/install/ur_simulation_gazebo/share/ur_simulation_gazebo/package.zsh'
[2.400s] Level 1:colcon.colcon_core.environment:create_file_with_runtime_dependencies(/home/marlon/LAB/src/install/ur_simulation_gazebo/share/colcon-core/packages/ur_simulation_gazebo)
[2.400s] DEBUG:colcon.colcon_parallel_executor.executor.parallel:closing loop
[2.401s] DEBUG:colcon.colcon_parallel_executor.executor.parallel:loop closed
[2.401s] DEBUG:colcon.colcon_parallel_executor.executor.parallel:run_until_complete finished with '0'
[2.401s] DEBUG:colcon.colcon_core.event_reactor:joining thread
[2.409s] INFO:colcon.colcon_core.plugin_system:Skipping extension 'colcon_notification.desktop_notification.terminal_notifier': Not used on non-Darwin systems
[2.409s] INFO:colcon.colcon_core.plugin_system:Skipping extension 'colcon_notification.desktop_notification.win32': Not used on non-Windows systems
[2.409s] INFO:colcon.colcon_notification.desktop_notification:Sending desktop notification using 'notify2'
[2.431s] DEBUG:colcon.colcon_core.event_reactor:joined thread
[2.431s] INFO:colcon.colcon_core.shell:Creating prefix script '/home/marlon/LAB/src/install/local_setup.ps1'
[2.432s] INFO:colcon.colcon_core.shell:Creating prefix util module '/home/marlon/LAB/src/install/_local_setup_util_ps1.py'
[2.434s] INFO:colcon.colcon_core.shell:Creating prefix chain script '/home/marlon/LAB/src/install/setup.ps1'
[2.435s] INFO:colcon.colcon_core.shell:Creating prefix script '/home/marlon/LAB/src/install/local_setup.sh'
[2.436s] INFO:colcon.colcon_core.shell:Creating prefix util module '/home/marlon/LAB/src/install/_local_setup_util_sh.py'
[2.436s] INFO:colcon.colcon_core.shell:Creating prefix chain script '/home/marlon/LAB/src/install/setup.sh'
[2.437s] INFO:colcon.colcon_core.shell:Creating prefix script '/home/marlon/LAB/src/install/local_setup.bash'
[2.438s] INFO:colcon.colcon_core.shell:Creating prefix chain script '/home/marlon/LAB/src/install/setup.bash'
[2.439s] INFO:colcon.colcon_core.shell:Creating prefix script '/home/marlon/LAB/src/install/local_setup.zsh'
[2.439s] INFO:colcon.colcon_core.shell:Creating prefix chain script '/home/marlon/LAB/src/install/setup.zsh'
