[0.008s] Invoking command in '/home/marlon/LAB/src/build/ur_simulation_gazebo': AMENT_PREFIX_PATH=/home/marlon/LAB/src/install/ur_description:${AMENT_PREFIX_PATH} CMAKE_PREFIX_PATH=/home/marlon/LAB/src/install/ur_description:/home/marlon/project_cvar_upm_drone_course/control/drone_course_ws/install/exercise_2:/home/marlon/project_cvar_upm_drone_course/control/drone_course_ws/install/exercise_1:/home/marlon/project_cvar_upm_drone_course/control/drone_course_ws/install/drone_course_msgs:/home/marlon/turtlebot3_ws/install/turtlebot3_teleop:/home/marlon/turtlebot3_ws/install/turtlebot3_example:/opt/ros/humble:/home/marlon/ros2_ws/install/robot_controller:/home/marlon/ros2_ws/install/learning_tf2_cpp:/home/marlon/turtlebot3_ws/install/turtlebot3:/home/marlon/turtlebot3_ws/install/turtlebot3_simulations:/home/marlon/turtlebot3_ws/install/turtlebot3_bringup:/home/marlon/turtlebot3_ws/install/turtlebot3_node:/home/marlon/turtlebot3_ws/install/turtlebot3_navigation2:/home/marlon/turtlebot3_ws/install/turtlebot3_fake_node:/home/marlon/turtlebot3_ws/install/turtlebot3_msgs:/home/marlon/turtlebot3_ws/install/turtlebot3_manipulation_gazebo:/home/marlon/turtlebot3_ws/install/turtlebot3_gazebo:/home/marlon/turtlebot3_ws/install/turtlebot3_description:/home/marlon/turtlebot3_ws/install/turtlebot3_cartographer:/home/marlon/turtlebot3_ws/install/dynamixel_sdk_examples:/home/marlon/turtlebot3_ws/install/dynamixel_sdk_custom_interfaces:/home/marlon/turtlebot3_ws/install/dynamixel_sdk /usr/bin/cmake /home/marlon/LAB/src/Universal_Robots_ROS2_Gazebo_Simulation/ur_simulation_gazebo -DCMAKE_INSTALL_PREFIX=/home/marlon/LAB/src/install/ur_simulation_gazebo
[0.091s] -- The C compiler identification is GNU 11.4.0
[0.163s] -- The CXX compiler identification is GNU 11.4.0
[0.170s] -- Detecting C compiler ABI info
[0.260s] -- Detecting C compiler ABI info - done
[0.270s] -- Check for working C compiler: /usr/bin/cc - skipped
[0.270s] -- Detecting C compile features
[0.270s] -- Detecting C compile features - done
[0.273s] -- Detecting CXX compiler ABI info
[0.352s] -- Detecting CXX compiler ABI info - done
[0.357s] -- Check for working CXX compiler: /usr/bin/c++ - skipped
[0.357s] -- Detecting CXX compile features
[0.358s] -- Detecting CXX compile features - done
[0.360s] -- Found ament_cmake: 1.3.12 (/opt/ros/humble/share/ament_cmake/cmake)
[0.480s] -- Found Python3: /usr/bin/python3 (found version "3.10.12") found components: Interpreter 
[0.560s] -- Found launch_testing_ament_cmake: 1.0.13 (/opt/ros/humble/share/launch_testing_ament_cmake/cmake)
[0.563s] -- Found python_cmake_module: 0.10.0 (/opt/ros/humble/share/python_cmake_module/cmake)
[0.579s] -- Found PythonInterp: /usr/bin/python3 (found suitable version "3.10.12", minimum required is "3.6") 
[0.592s] -- Found PythonLibs: /usr/lib/x86_64-linux-gnu/libpython3.10.so (found suitable version "3.10.12", minimum required is "3.5") 
[0.592s] -- Using PYTHON_EXECUTABLE: /usr/bin/python3
[0.592s] -- Using PYTHON_INCLUDE_DIRS: /usr/include/python3.10
[0.592s] -- Using PYTHON_LIBRARIES: /usr/lib/x86_64-linux-gnu/libpython3.10.so
[0.612s] -- Found PythonExtra: .so  
[0.614s] -- Found ament_cmake_pytest: 1.3.12 (/opt/ros/humble/share/ament_cmake_pytest/cmake)
[0.659s] -- Configuring done
[0.661s] -- Generating done
[0.662s] -- Build files have been written to: /home/marlon/LAB/src/build/ur_simulation_gazebo
[0.666s] Invoked command in '/home/marlon/LAB/src/build/ur_simulation_gazebo' returned '0': AMENT_PREFIX_PATH=/home/marlon/LAB/src/install/ur_description:${AMENT_PREFIX_PATH} CMAKE_PREFIX_PATH=/home/marlon/LAB/src/install/ur_description:/home/marlon/project_cvar_upm_drone_course/control/drone_course_ws/install/exercise_2:/home/marlon/project_cvar_upm_drone_course/control/drone_course_ws/install/exercise_1:/home/marlon/project_cvar_upm_drone_course/control/drone_course_ws/install/drone_course_msgs:/home/marlon/turtlebot3_ws/install/turtlebot3_teleop:/home/marlon/turtlebot3_ws/install/turtlebot3_example:/opt/ros/humble:/home/marlon/ros2_ws/install/robot_controller:/home/marlon/ros2_ws/install/learning_tf2_cpp:/home/marlon/turtlebot3_ws/install/turtlebot3:/home/marlon/turtlebot3_ws/install/turtlebot3_simulations:/home/marlon/turtlebot3_ws/install/turtlebot3_bringup:/home/marlon/turtlebot3_ws/install/turtlebot3_node:/home/marlon/turtlebot3_ws/install/turtlebot3_navigation2:/home/marlon/turtlebot3_ws/install/turtlebot3_fake_node:/home/marlon/turtlebot3_ws/install/turtlebot3_msgs:/home/marlon/turtlebot3_ws/install/turtlebot3_manipulation_gazebo:/home/marlon/turtlebot3_ws/install/turtlebot3_gazebo:/home/marlon/turtlebot3_ws/install/turtlebot3_description:/home/marlon/turtlebot3_ws/install/turtlebot3_cartographer:/home/marlon/turtlebot3_ws/install/dynamixel_sdk_examples:/home/marlon/turtlebot3_ws/install/dynamixel_sdk_custom_interfaces:/home/marlon/turtlebot3_ws/install/dynamixel_sdk /usr/bin/cmake /home/marlon/LAB/src/Universal_Robots_ROS2_Gazebo_Simulation/ur_simulation_gazebo -DCMAKE_INSTALL_PREFIX=/home/marlon/LAB/src/install/ur_simulation_gazebo
[0.668s] Invoking command in '/home/marlon/LAB/src/build/ur_simulation_gazebo': AMENT_PREFIX_PATH=/home/marlon/LAB/src/install/ur_description:${AMENT_PREFIX_PATH} CMAKE_PREFIX_PATH=/home/marlon/LAB/src/install/ur_description:/home/marlon/project_cvar_upm_drone_course/control/drone_course_ws/install/exercise_2:/home/marlon/project_cvar_upm_drone_course/control/drone_course_ws/install/exercise_1:/home/marlon/project_cvar_upm_drone_course/control/drone_course_ws/install/drone_course_msgs:/home/marlon/turtlebot3_ws/install/turtlebot3_teleop:/home/marlon/turtlebot3_ws/install/turtlebot3_example:/opt/ros/humble:/home/marlon/ros2_ws/install/robot_controller:/home/marlon/ros2_ws/install/learning_tf2_cpp:/home/marlon/turtlebot3_ws/install/turtlebot3:/home/marlon/turtlebot3_ws/install/turtlebot3_simulations:/home/marlon/turtlebot3_ws/install/turtlebot3_bringup:/home/marlon/turtlebot3_ws/install/turtlebot3_node:/home/marlon/turtlebot3_ws/install/turtlebot3_navigation2:/home/marlon/turtlebot3_ws/install/turtlebot3_fake_node:/home/marlon/turtlebot3_ws/install/turtlebot3_msgs:/home/marlon/turtlebot3_ws/install/turtlebot3_manipulation_gazebo:/home/marlon/turtlebot3_ws/install/turtlebot3_gazebo:/home/marlon/turtlebot3_ws/install/turtlebot3_description:/home/marlon/turtlebot3_ws/install/turtlebot3_cartographer:/home/marlon/turtlebot3_ws/install/dynamixel_sdk_examples:/home/marlon/turtlebot3_ws/install/dynamixel_sdk_custom_interfaces:/home/marlon/turtlebot3_ws/install/dynamixel_sdk /usr/bin/cmake --build /home/marlon/LAB/src/build/ur_simulation_gazebo -- -j20 -l20
[0.717s] Invoked command in '/home/marlon/LAB/src/build/ur_simulation_gazebo' returned '0': AMENT_PREFIX_PATH=/home/marlon/LAB/src/install/ur_description:${AMENT_PREFIX_PATH} CMAKE_PREFIX_PATH=/home/marlon/LAB/src/install/ur_description:/home/marlon/project_cvar_upm_drone_course/control/drone_course_ws/install/exercise_2:/home/marlon/project_cvar_upm_drone_course/control/drone_course_ws/install/exercise_1:/home/marlon/project_cvar_upm_drone_course/control/drone_course_ws/install/drone_course_msgs:/home/marlon/turtlebot3_ws/install/turtlebot3_teleop:/home/marlon/turtlebot3_ws/install/turtlebot3_example:/opt/ros/humble:/home/marlon/ros2_ws/install/robot_controller:/home/marlon/ros2_ws/install/learning_tf2_cpp:/home/marlon/turtlebot3_ws/install/turtlebot3:/home/marlon/turtlebot3_ws/install/turtlebot3_simulations:/home/marlon/turtlebot3_ws/install/turtlebot3_bringup:/home/marlon/turtlebot3_ws/install/turtlebot3_node:/home/marlon/turtlebot3_ws/install/turtlebot3_navigation2:/home/marlon/turtlebot3_ws/install/turtlebot3_fake_node:/home/marlon/turtlebot3_ws/install/turtlebot3_msgs:/home/marlon/turtlebot3_ws/install/turtlebot3_manipulation_gazebo:/home/marlon/turtlebot3_ws/install/turtlebot3_gazebo:/home/marlon/turtlebot3_ws/install/turtlebot3_description:/home/marlon/turtlebot3_ws/install/turtlebot3_cartographer:/home/marlon/turtlebot3_ws/install/dynamixel_sdk_examples:/home/marlon/turtlebot3_ws/install/dynamixel_sdk_custom_interfaces:/home/marlon/turtlebot3_ws/install/dynamixel_sdk /usr/bin/cmake --build /home/marlon/LAB/src/build/ur_simulation_gazebo -- -j20 -l20
[0.720s] Invoking command in '/home/marlon/LAB/src/build/ur_simulation_gazebo': AMENT_PREFIX_PATH=/home/marlon/LAB/src/install/ur_description:${AMENT_PREFIX_PATH} CMAKE_PREFIX_PATH=/home/marlon/LAB/src/install/ur_description:/home/marlon/project_cvar_upm_drone_course/control/drone_course_ws/install/exercise_2:/home/marlon/project_cvar_upm_drone_course/control/drone_course_ws/install/exercise_1:/home/marlon/project_cvar_upm_drone_course/control/drone_course_ws/install/drone_course_msgs:/home/marlon/turtlebot3_ws/install/turtlebot3_teleop:/home/marlon/turtlebot3_ws/install/turtlebot3_example:/opt/ros/humble:/home/marlon/ros2_ws/install/robot_controller:/home/marlon/ros2_ws/install/learning_tf2_cpp:/home/marlon/turtlebot3_ws/install/turtlebot3:/home/marlon/turtlebot3_ws/install/turtlebot3_simulations:/home/marlon/turtlebot3_ws/install/turtlebot3_bringup:/home/marlon/turtlebot3_ws/install/turtlebot3_node:/home/marlon/turtlebot3_ws/install/turtlebot3_navigation2:/home/marlon/turtlebot3_ws/install/turtlebot3_fake_node:/home/marlon/turtlebot3_ws/install/turtlebot3_msgs:/home/marlon/turtlebot3_ws/install/turtlebot3_manipulation_gazebo:/home/marlon/turtlebot3_ws/install/turtlebot3_gazebo:/home/marlon/turtlebot3_ws/install/turtlebot3_description:/home/marlon/turtlebot3_ws/install/turtlebot3_cartographer:/home/marlon/turtlebot3_ws/install/dynamixel_sdk_examples:/home/marlon/turtlebot3_ws/install/dynamixel_sdk_custom_interfaces:/home/marlon/turtlebot3_ws/install/dynamixel_sdk /usr/bin/cmake --install /home/marlon/LAB/src/build/ur_simulation_gazebo
[0.731s] -- Install configuration: ""
[0.731s] -- Installing: /home/marlon/LAB/src/install/ur_simulation_gazebo/share/ur_simulation_gazebo/config
[0.731s] -- Installing: /home/marlon/LAB/src/install/ur_simulation_gazebo/share/ur_simulation_gazebo/config/ur_controllers.yaml
[0.731s] -- Installing: /home/marlon/LAB/src/install/ur_simulation_gazebo/share/ur_simulation_gazebo/launch
[0.731s] -- Installing: /home/marlon/LAB/src/install/ur_simulation_gazebo/share/ur_simulation_gazebo/launch/ur_sim_control.launch.py
[0.732s] -- Installing: /home/marlon/LAB/src/install/ur_simulation_gazebo/share/ur_simulation_gazebo/launch/ur_sim_moveit.launch.py
[0.732s] -- Installing: /home/marlon/LAB/src/install/ur_simulation_gazebo/share/ament_index/resource_index/package_run_dependencies/ur_simulation_gazebo
[0.732s] -- Installing: /home/marlon/LAB/src/install/ur_simulation_gazebo/share/ament_index/resource_index/parent_prefix_path/ur_simulation_gazebo
[0.732s] -- Installing: /home/marlon/LAB/src/install/ur_simulation_gazebo/share/ur_simulation_gazebo/environment/ament_prefix_path.sh
[0.732s] -- Installing: /home/marlon/LAB/src/install/ur_simulation_gazebo/share/ur_simulation_gazebo/environment/ament_prefix_path.dsv
[0.732s] -- Installing: /home/marlon/LAB/src/install/ur_simulation_gazebo/share/ur_simulation_gazebo/environment/path.sh
[0.732s] -- Installing: /home/marlon/LAB/src/install/ur_simulation_gazebo/share/ur_simulation_gazebo/environment/path.dsv
[0.732s] -- Installing: /home/marlon/LAB/src/install/ur_simulation_gazebo/share/ur_simulation_gazebo/local_setup.bash
[0.732s] -- Installing: /home/marlon/LAB/src/install/ur_simulation_gazebo/share/ur_simulation_gazebo/local_setup.sh
[0.732s] -- Installing: /home/marlon/LAB/src/install/ur_simulation_gazebo/share/ur_simulation_gazebo/local_setup.zsh
[0.732s] -- Installing: /home/marlon/LAB/src/install/ur_simulation_gazebo/share/ur_simulation_gazebo/local_setup.dsv
[0.733s] -- Installing: /home/marlon/LAB/src/install/ur_simulation_gazebo/share/ur_simulation_gazebo/package.dsv
[0.733s] -- Installing: /home/marlon/LAB/src/install/ur_simulation_gazebo/share/ament_index/resource_index/packages/ur_simulation_gazebo
[0.733s] -- Installing: /home/marlon/LAB/src/install/ur_simulation_gazebo/share/ur_simulation_gazebo/cmake/ur_simulation_gazeboConfig.cmake
[0.733s] -- Installing: /home/marlon/LAB/src/install/ur_simulation_gazebo/share/ur_simulation_gazebo/cmake/ur_simulation_gazeboConfig-version.cmake
[0.733s] -- Installing: /home/marlon/LAB/src/install/ur_simulation_gazebo/share/ur_simulation_gazebo/package.xml
[0.736s] Invoked command in '/home/marlon/LAB/src/build/ur_simulation_gazebo' returned '0': AMENT_PREFIX_PATH=/home/marlon/LAB/src/install/ur_description:${AMENT_PREFIX_PATH} CMAKE_PREFIX_PATH=/home/marlon/LAB/src/install/ur_description:/home/marlon/project_cvar_upm_drone_course/control/drone_course_ws/install/exercise_2:/home/marlon/project_cvar_upm_drone_course/control/drone_course_ws/install/exercise_1:/home/marlon/project_cvar_upm_drone_course/control/drone_course_ws/install/drone_course_msgs:/home/marlon/turtlebot3_ws/install/turtlebot3_teleop:/home/marlon/turtlebot3_ws/install/turtlebot3_example:/opt/ros/humble:/home/marlon/ros2_ws/install/robot_controller:/home/marlon/ros2_ws/install/learning_tf2_cpp:/home/marlon/turtlebot3_ws/install/turtlebot3:/home/marlon/turtlebot3_ws/install/turtlebot3_simulations:/home/marlon/turtlebot3_ws/install/turtlebot3_bringup:/home/marlon/turtlebot3_ws/install/turtlebot3_node:/home/marlon/turtlebot3_ws/install/turtlebot3_navigation2:/home/marlon/turtlebot3_ws/install/turtlebot3_fake_node:/home/marlon/turtlebot3_ws/install/turtlebot3_msgs:/home/marlon/turtlebot3_ws/install/turtlebot3_manipulation_gazebo:/home/marlon/turtlebot3_ws/install/turtlebot3_gazebo:/home/marlon/turtlebot3_ws/install/turtlebot3_description:/home/marlon/turtlebot3_ws/install/turtlebot3_cartographer:/home/marlon/turtlebot3_ws/install/dynamixel_sdk_examples:/home/marlon/turtlebot3_ws/install/dynamixel_sdk_custom_interfaces:/home/marlon/turtlebot3_ws/install/dynamixel_sdk /usr/bin/cmake --install /home/marlon/LAB/src/build/ur_simulation_gazebo
